2026-02-03 22:06:03 - UAVPathPlanner - [32mINFO[0m - ============================================================
2026-02-03 22:06:03 - UAVPathPlanner - [32mINFO[0m - UAV Path Planner å•Ÿå‹•
2026-02-03 22:06:03 - UAVPathPlanner - [32mINFO[0m - ç‰ˆæœ¬: 2.0.0
2026-02-03 22:06:03 - UAVPathPlanner - [32mINFO[0m - ============================================================
2026-02-03 22:06:03 - UAVPathPlanner - [32mINFO[0m - é…ç½®æ–‡ä»¶: ä½¿ç”¨é è¨­é…ç½®
2026-02-03 22:06:03 - UAVPathPlanner - [32mINFO[0m - é£›è¡Œå™¨é…ç½®è¼‰å…¥æˆåŠŸ: 4 ç¨®é¡å‹
2026-02-03 22:06:03 - UAVPathPlanner - [32mINFO[0m - å•Ÿå‹• GUI æ¨¡å¼...
2026-02-03 22:06:03 - UAVPathPlanner - [32mINFO[0m - UAV Path Planner å·²é€€å‡º
2026-02-03 22:08:04 - UAVPathPlanner - [32mINFO[0m - ============================================================
2026-02-03 22:08:04 - UAVPathPlanner - [32mINFO[0m - UAV Path Planner å•Ÿå‹•
2026-02-03 22:08:04 - UAVPathPlanner - [32mINFO[0m - ç‰ˆæœ¬: 2.0.0
2026-02-03 22:08:04 - UAVPathPlanner - [32mINFO[0m - ============================================================
2026-02-03 22:08:04 - UAVPathPlanner - [32mINFO[0m - é…ç½®æ–‡ä»¶: ä½¿ç”¨é è¨­é…ç½®
2026-02-03 22:08:04 - UAVPathPlanner - [32mINFO[0m - é£›è¡Œå™¨é…ç½®è¼‰å…¥æˆåŠŸ: 4 ç¨®é¡å‹
2026-02-03 22:08:04 - UAVPathPlanner - [32mINFO[0m - å•Ÿå‹• GUI æ¨¡å¼...
2026-02-03 22:08:04 - UAVPathPlanner - [32mINFO[0m - UAV Path Planner å·²é€€å‡º
2026-02-03 22:12:47 - UAVPathPlanner - [32mINFO[0m - ============================================================
2026-02-03 22:12:47 - UAVPathPlanner - [32mINFO[0m - UAV Path Planner å•Ÿå‹•
2026-02-03 22:12:47 - UAVPathPlanner - [32mINFO[0m - ç‰ˆæœ¬: 2.0.0
2026-02-03 22:12:47 - UAVPathPlanner - [32mINFO[0m - ============================================================
2026-02-03 22:12:47 - UAVPathPlanner - [32mINFO[0m - é…ç½®æ–‡ä»¶: ä½¿ç”¨é è¨­é…ç½®
2026-02-03 22:12:47 - UAVPathPlanner - [32mINFO[0m - é£›è¡Œå™¨é…ç½®è¼‰å…¥æˆåŠŸ: 4 ç¨®é¡å‹
2026-02-03 22:12:47 - UAVPathPlanner - [32mINFO[0m - å•Ÿå‹• GUI æ¨¡å¼...
2026-02-03 22:12:47 - UAVPathPlanner - [32mINFO[0m - GUI å•Ÿå‹•æˆåŠŸ
2026-02-03 22:12:47 - UAVPathPlanner - [33mWARNING[0m - æ³¨æ„: UI æ¨¡çµ„å°šæœªå¯¦ç¾ï¼Œæš«æ™‚é¡¯ç¤ºç©ºç™½è¦–çª—
2026-02-03 22:14:00 - UAVPathPlanner - [32mINFO[0m - UAV Path Planner å·²é€€å‡º
2026-02-03 22:18:10 - UAVPathPlanner - [32mINFO[0m - ============================================================
2026-02-03 22:18:10 - UAVPathPlanner - [32mINFO[0m - UAV Path Planner å•Ÿå‹•
2026-02-03 22:18:10 - UAVPathPlanner - [32mINFO[0m - ç‰ˆæœ¬: 2.0.0
2026-02-03 22:18:10 - UAVPathPlanner - [32mINFO[0m - ============================================================
2026-02-03 22:18:10 - UAVPathPlanner - [32mINFO[0m - é…ç½®æ–‡ä»¶: ä½¿ç”¨é è¨­é…ç½®
2026-02-03 22:18:10 - UAVPathPlanner - [32mINFO[0m - é£›è¡Œå™¨é…ç½®è¼‰å…¥æˆåŠŸ: 4 ç¨®é¡å‹
2026-02-03 22:18:10 - UAVPathPlanner - [32mINFO[0m - å•Ÿå‹• GUI æ¨¡å¼...
2026-02-03 22:18:10 - UAVPathPlanner - [32mINFO[0m - GUI å•Ÿå‹•æˆåŠŸ
2026-02-03 22:18:10 - UAVPathPlanner - [33mWARNING[0m - æ³¨æ„: UI æ¨¡çµ„å°šæœªå¯¦ç¾ï¼Œæš«æ™‚é¡¯ç¤ºç©ºç™½è¦–çª—
2026-02-03 22:24:21 - UAVPathPlanner - [32mINFO[0m - UAV Path Planner å·²é€€å‡º
