2026-02-04 02:00:04 - UAVPathPlanner - [32mINFO[0m - ============================================================
2026-02-04 02:00:04 - UAVPathPlanner - [32mINFO[0m - UAV Path Planner å•Ÿå‹•
2026-02-04 02:00:04 - UAVPathPlanner - [32mINFO[0m - ç‰ˆæœ¬: 2.0.0
2026-02-04 02:00:04 - UAVPathPlanner - [32mINFO[0m - ============================================================
2026-02-04 02:00:04 - UAVPathPlanner - [32mINFO[0m - é…ç½®æ–‡ä»¶: ä½¿ç”¨é è¨­é…ç½®
2026-02-04 02:00:04 - UAVPathPlanner - [32mINFO[0m - é£›è¡Œå™¨é…ç½®è¼‰å…¥æˆåŠŸ: 4 ç¨®é¡å‹
2026-02-04 02:00:04 - UAVPathPlanner - [32mINFO[0m - å•Ÿå‹• GUI æ¨¡å¼...
2026-02-04 02:00:05 - UAVPathPlanner - [32mINFO[0m - GUI å•Ÿå‹•æˆåŠŸ
2026-02-04 02:00:05 - UAVPathPlanner - [33mWARNING[0m - æ³¨æ„: UI æ¨¡çµ„å°šæœªå¯¦ç¾ï¼Œæš«æ™‚é¡¯ç¤ºç©ºç™½è¦–çª—
2026-02-04 02:00:11 - UAVPathPlanner - [32mINFO[0m - ç”¨æˆ¶ä¸­æ–·ç¨‹å¼
2026-02-04 02:00:11 - UAVPathPlanner - [32mINFO[0m - UAV Path Planner å·²é€€å‡º
2026-02-04 02:05:28 - UAVPathPlanner - [32mINFO[0m - ============================================================
2026-02-04 02:05:28 - UAVPathPlanner - [32mINFO[0m - UAV Path Planner å•Ÿå‹•
2026-02-04 02:05:28 - UAVPathPlanner - [32mINFO[0m - ç‰ˆæœ¬: 2.0.0
2026-02-04 02:05:28 - UAVPathPlanner - [32mINFO[0m - ============================================================
2026-02-04 02:05:28 - UAVPathPlanner - [32mINFO[0m - é…ç½®æ–‡ä»¶: ä½¿ç”¨é è¨­é…ç½®
2026-02-04 02:05:28 - UAVPathPlanner - [32mINFO[0m - é£›è¡Œå™¨é…ç½®è¼‰å…¥æˆåŠŸ: 4 ç¨®é¡å‹
2026-02-04 02:05:28 - UAVPathPlanner - [32mINFO[0m - å•Ÿå‹• GUI æ¨¡å¼...
2026-02-04 02:05:28 - UAVPathPlanner - [31mERROR[0m - GUI å•Ÿå‹•å¤±æ•—: cannot import name 'Config' from 'config' (c:\Users\admin\Desktop\global_path\uav_path_planner\config\__init__.py)
2026-02-04 02:05:28 - UAVPathPlanner - [32mINFO[0m - UAV Path Planner å·²é€€å‡º
2026-02-04 02:12:57 - UAVPathPlanner - [32mINFO[0m - ============================================================
2026-02-04 02:12:57 - UAVPathPlanner - [32mINFO[0m - UAV Path Planner å•Ÿå‹•
2026-02-04 02:12:57 - UAVPathPlanner - [32mINFO[0m - ç‰ˆæœ¬: 2.0.0
2026-02-04 02:12:57 - UAVPathPlanner - [32mINFO[0m - ============================================================
2026-02-04 02:12:57 - UAVPathPlanner - [32mINFO[0m - é…ç½®æ–‡ä»¶: ä½¿ç”¨é è¨­é…ç½®
2026-02-04 02:12:57 - UAVPathPlanner - [32mINFO[0m - é£›è¡Œå™¨é…ç½®è¼‰å…¥æˆåŠŸ: 4 ç¨®é¡å‹
2026-02-04 02:12:57 - UAVPathPlanner - [32mINFO[0m - å•Ÿå‹• GUI æ¨¡å¼...
2026-02-04 02:12:58 - UAVPathPlanner - [31mERROR[0m - GUI å•Ÿå‹•å¤±æ•—: cannot import name 'MissionWaypoint' from 'mission.mission_manager' (c:\Users\admin\Desktop\global_path\uav_path_planner\mission\mission_manager.py)
2026-02-04 02:12:58 - UAVPathPlanner - [32mINFO[0m - UAV Path Planner å·²é€€å‡º
2026-02-04 02:15:54 - UAVPathPlanner - [32mINFO[0m - ============================================================
2026-02-04 02:15:54 - UAVPathPlanner - [32mINFO[0m - UAV Path Planner å•Ÿå‹•
2026-02-04 02:15:54 - UAVPathPlanner - [32mINFO[0m - ç‰ˆæœ¬: 2.0.0
2026-02-04 02:15:54 - UAVPathPlanner - [32mINFO[0m - ============================================================
2026-02-04 02:15:54 - UAVPathPlanner - [32mINFO[0m - é…ç½®æ–‡ä»¶: ä½¿ç”¨é è¨­é…ç½®
2026-02-04 02:15:54 - UAVPathPlanner - [32mINFO[0m - é£›è¡Œå™¨é…ç½®è¼‰å…¥æˆåŠŸ: 4 ç¨®é¡å‹
2026-02-04 02:15:54 - UAVPathPlanner - [32mINFO[0m - å•Ÿå‹• GUI æ¨¡å¼...
2026-02-04 02:15:55 - UAVPathPlanner - [31mERROR[0m - GUI å•Ÿå‹•å¤±æ•—: QtWebEngineWidgets must be imported or Qt.AA_ShareOpenGLContexts must be set before a QCoreApplication instance is created
2026-02-04 02:15:55 - UAVPathPlanner - [32mINFO[0m - UAV Path Planner å·²é€€å‡º
2026-02-04 02:18:03 - UAVPathPlanner - [32mINFO[0m - ============================================================
2026-02-04 02:18:03 - UAVPathPlanner - [32mINFO[0m - UAV Path Planner å•Ÿå‹•
2026-02-04 02:18:03 - UAVPathPlanner - [32mINFO[0m - ç‰ˆæœ¬: 2.0.0
2026-02-04 02:18:03 - UAVPathPlanner - [32mINFO[0m - ============================================================
2026-02-04 02:18:03 - UAVPathPlanner - [32mINFO[0m - é…ç½®æ–‡ä»¶: ä½¿ç”¨é è¨­é…ç½®
2026-02-04 02:18:03 - UAVPathPlanner - [32mINFO[0m - é£›è¡Œå™¨é…ç½®è¼‰å…¥æˆåŠŸ: 4 ç¨®é¡å‹
2026-02-04 02:18:03 - UAVPathPlanner - [32mINFO[0m - å•Ÿå‹• GUI æ¨¡å¼...
2026-02-04 02:18:04 - UAVPathPlanner - [32mINFO[0m - QtWebEngineWidgets è¼‰å…¥æˆåŠŸ
2026-02-04 02:18:04 - UAVPathPlanner - [31mERROR[0m - GUI å•Ÿå‹•å¤±æ•—: cannot import name 'Config' from 'config' (c:\Users\admin\Desktop\global_path\uav_path_planner\config\__init__.py)
2026-02-04 02:18:04 - UAVPathPlanner - [32mINFO[0m - UAV Path Planner å·²é€€å‡º
2026-02-04 02:23:42 - UAVPathPlanner - [32mINFO[0m - ============================================================
2026-02-04 02:23:42 - UAVPathPlanner - [32mINFO[0m - UAV Path Planner å•Ÿå‹•
2026-02-04 02:23:42 - UAVPathPlanner - [32mINFO[0m - ç‰ˆæœ¬: 2.0.0
2026-02-04 02:23:42 - UAVPathPlanner - [32mINFO[0m - ============================================================
2026-02-04 02:23:42 - UAVPathPlanner - [32mINFO[0m - é…ç½®æ–‡ä»¶: ä½¿ç”¨é è¨­é…ç½®
2026-02-04 02:23:42 - UAVPathPlanner - [32mINFO[0m - é£›è¡Œå™¨é…ç½®è¼‰å…¥æˆåŠŸ: 4 ç¨®é¡å‹
2026-02-04 02:23:42 - UAVPathPlanner - [32mINFO[0m - å•Ÿå‹• GUI æ¨¡å¼...
2026-02-04 02:23:42 - UAVPathPlanner - [32mINFO[0m - QtWebEngineWidgets è¼‰å…¥æˆåŠŸ
2026-02-04 02:23:42 - UAVPathPlanner - [31mERROR[0m - GUI å•Ÿå‹•å¤±æ•—: cannot import name 'Config' from 'config' (c:\Users\admin\Desktop\global_path\uav_path_planner\config\__init__.py)
2026-02-04 02:23:42 - UAVPathPlanner - [32mINFO[0m - UAV Path Planner å·²é€€å‡º
2026-02-04 02:29:00 - UAVPathPlanner - [32mINFO[0m - ============================================================
2026-02-04 02:29:00 - UAVPathPlanner - [32mINFO[0m - UAV Path Planner å•Ÿå‹•
2026-02-04 02:29:00 - UAVPathPlanner - [32mINFO[0m - ç‰ˆæœ¬: 2.0.0
2026-02-04 02:29:00 - UAVPathPlanner - [32mINFO[0m - ============================================================
2026-02-04 02:29:00 - UAVPathPlanner - [32mINFO[0m - é…ç½®æ–‡ä»¶: ä½¿ç”¨é è¨­é…ç½®
2026-02-04 02:29:00 - UAVPathPlanner - [32mINFO[0m - é£›è¡Œå™¨é…ç½®è¼‰å…¥æˆåŠŸ: 4 ç¨®é¡å‹
2026-02-04 02:29:00 - UAVPathPlanner - [32mINFO[0m - å•Ÿå‹• GUI æ¨¡å¼...
2026-02-04 02:29:00 - UAVPathPlanner - [32mINFO[0m - QtWebEngineWidgets è¼‰å…¥æˆåŠŸ
2026-02-04 02:29:00 - UAVPathPlanner - [31mERROR[0m - GUI å•Ÿå‹•å¤±æ•—: No module named 'logger_utils'
2026-02-04 02:29:00 - UAVPathPlanner - [32mINFO[0m - UAV Path Planner å·²é€€å‡º
2026-02-04 02:33:49 - UAVPathPlanner - [32mINFO[0m - ============================================================
2026-02-04 02:33:49 - UAVPathPlanner - [32mINFO[0m - UAV Path Planner å•Ÿå‹•
2026-02-04 02:33:49 - UAVPathPlanner - [32mINFO[0m - ç‰ˆæœ¬: 2.0.0
2026-02-04 02:33:49 - UAVPathPlanner - [32mINFO[0m - ============================================================
2026-02-04 02:33:49 - UAVPathPlanner - [32mINFO[0m - é…ç½®æ–‡ä»¶: ä½¿ç”¨é è¨­é…ç½®
2026-02-04 02:33:49 - UAVPathPlanner - [32mINFO[0m - é£›è¡Œå™¨é…ç½®è¼‰å…¥æˆåŠŸ: 4 ç¨®é¡å‹
2026-02-04 02:33:49 - UAVPathPlanner - [32mINFO[0m - å•Ÿå‹• GUI æ¨¡å¼...
2026-02-04 02:33:49 - UAVPathPlanner - [32mINFO[0m - QtWebEngineWidgets è¼‰å…¥æˆåŠŸ
2026-02-04 02:33:49 - UAVPathPlanner - [31mERROR[0m - GUI å•Ÿå‹•å¤±æ•—: No module named 'logger_utils'
2026-02-04 02:33:49 - UAVPathPlanner - [32mINFO[0m - UAV Path Planner å·²é€€å‡º
2026-02-04 02:33:55 - UAVPathPlanner - [32mINFO[0m - ============================================================
2026-02-04 02:33:55 - UAVPathPlanner - [32mINFO[0m - UAV Path Planner å•Ÿå‹•
2026-02-04 02:33:55 - UAVPathPlanner - [32mINFO[0m - ç‰ˆæœ¬: 2.0.0
2026-02-04 02:33:55 - UAVPathPlanner - [32mINFO[0m - ============================================================
2026-02-04 02:33:55 - UAVPathPlanner - [32mINFO[0m - é…ç½®æ–‡ä»¶: ä½¿ç”¨é è¨­é…ç½®
2026-02-04 02:33:55 - UAVPathPlanner - [32mINFO[0m - é£›è¡Œå™¨é…ç½®è¼‰å…¥æˆåŠŸ: 4 ç¨®é¡å‹
2026-02-04 02:33:55 - UAVPathPlanner - [32mINFO[0m - å•Ÿå‹• GUI æ¨¡å¼...
2026-02-04 02:33:55 - UAVPathPlanner - [32mINFO[0m - QtWebEngineWidgets è¼‰å…¥æˆåŠŸ
2026-02-04 02:33:56 - UAVPathPlanner - [32mINFO[0m - åœ°åœ–åˆå§‹åŒ–æˆåŠŸ
2026-02-04 02:33:56 - UAVPathPlanner - [32mINFO[0m - åœ°åœ–çµ„ä»¶åˆå§‹åŒ–å®Œæˆ
2026-02-04 02:33:56 - UAVPathPlanner - [32mINFO[0m - åƒæ•¸é¢æ¿åˆå§‹åŒ–å®Œæˆ
2026-02-04 02:33:56 - UAVPathPlanner - [32mINFO[0m - ä»»å‹™é¢æ¿åˆå§‹åŒ–å®Œæˆ
2026-02-04 02:33:57 - UAVPathPlanner - [31mERROR[0m - GUI å•Ÿå‹•å¤±æ•—: arguments did not match any overloaded call:
  addAction(self, icon: QIcon, text: Optional[str]): argument 1 has unexpected type 'str'
  addAction(self, icon: QIcon, text: Optional[str], slot: PYQT_SLOT, type: Qt.ConnectionType = Qt.AutoConnection): argument 1 has unexpected type 'str'
  addAction(self, icon: QIcon, text: Optional[str], shortcut: Union[QKeySequence, QKeySequence.StandardKey, Optional[str], int]): argument 1 has unexpected type 'str'
  addAction(self, icon: QIcon, text: Optional[str], shortcut: Union[QKeySequence, QKeySequence.StandardKey, Optional[str], int], slot: PYQT_SLOT, type: Qt.ConnectionType = Qt.AutoConnection): argument 1 has unexpected type 'str'
  addAction(self, text: Optional[str]): too many arguments
  addAction(self, text: Optional[str], shortcut: Union[QKeySequence, QKeySequence.StandardKey, Optional[str], int]): argument 2 has unexpected type 'method'
  addAction(self, text: Optional[str], slot: PYQT_SLOT, type: Qt.ConnectionType = Qt.AutoConnection): argument 3 has unexpected type 'str'
  addAction(self, text: Optional[str], shortcut: Union[QKeySequence, QKeySequence.StandardKey, Optional[str], int], slot: PYQT_SLOT, type: Qt.ConnectionType = Qt.AutoConnection): argument 2 has unexpected type 'method'
  addAction(self, action: Optional[QAction]): argument 1 has unexpected type 'str'
2026-02-04 02:33:57 - UAVPathPlanner - [32mINFO[0m - UAV Path Planner å·²é€€å‡º
2026-02-04 02:40:09 - UAVPathPlanner - [32mINFO[0m - ============================================================
2026-02-04 02:40:09 - UAVPathPlanner - [32mINFO[0m - UAV Path Planner å•Ÿå‹•
2026-02-04 02:40:09 - UAVPathPlanner - [32mINFO[0m - ç‰ˆæœ¬: 2.0.0
2026-02-04 02:40:09 - UAVPathPlanner - [32mINFO[0m - ============================================================
2026-02-04 02:40:09 - UAVPathPlanner - [32mINFO[0m - é…ç½®æ–‡ä»¶: ä½¿ç”¨é è¨­é…ç½®
2026-02-04 02:40:09 - UAVPathPlanner - [32mINFO[0m - é£›è¡Œå™¨é…ç½®è¼‰å…¥æˆåŠŸ: 4 ç¨®é¡å‹
2026-02-04 02:40:09 - UAVPathPlanner - [32mINFO[0m - å•Ÿå‹• GUI æ¨¡å¼...
2026-02-04 02:40:09 - UAVPathPlanner - [32mINFO[0m - QtWebEngineWidgets è¼‰å…¥æˆåŠŸ
2026-02-04 02:40:10 - UAVPathPlanner - [32mINFO[0m - åœ°åœ–åˆå§‹åŒ–æˆåŠŸ
2026-02-04 02:40:10 - UAVPathPlanner - [32mINFO[0m - åœ°åœ–çµ„ä»¶åˆå§‹åŒ–å®Œæˆ
2026-02-04 02:40:10 - UAVPathPlanner - [32mINFO[0m - åƒæ•¸é¢æ¿åˆå§‹åŒ–å®Œæˆ
2026-02-04 02:40:10 - UAVPathPlanner - [32mINFO[0m - ä»»å‹™é¢æ¿åˆå§‹åŒ–å®Œæˆ
2026-02-04 02:40:10 - UAVPathPlanner - [33mWARNING[0m - æ¨£å¼è¡¨ä¸å­˜åœ¨: c:\Users\admin\Desktop\global_path\uav_path_planner\ui\resources\styles\dark_theme.qss
2026-02-04 02:40:10 - UAVPathPlanner - [32mINFO[0m - ä¸»è¦–çª—åˆå§‹åŒ–å®Œæˆ
2026-02-04 02:40:10 - UAVPathPlanner - [32mINFO[0m - GUI å•Ÿå‹•æˆåŠŸ
2026-02-04 02:40:20 - UAVPathPlanner - [32mINFO[0m - åƒæ•¸å·²æ›´æ–°: {'flight_mode': 'synchronous'}
2026-02-04 02:40:31 - UAVPathPlanner - [32mINFO[0m - è«‹æ±‚é è¦½è·¯å¾‘
2026-02-04 02:45:23 - UAVPathPlanner - [32mINFO[0m - ============================================================
2026-02-04 02:45:23 - UAVPathPlanner - [32mINFO[0m - UAV Path Planner å•Ÿå‹•
2026-02-04 02:45:23 - UAVPathPlanner - [32mINFO[0m - ç‰ˆæœ¬: 2.0.0
2026-02-04 02:45:23 - UAVPathPlanner - [32mINFO[0m - ============================================================
2026-02-04 02:45:23 - UAVPathPlanner - [32mINFO[0m - é…ç½®æ–‡ä»¶: ä½¿ç”¨é è¨­é…ç½®
2026-02-04 02:45:23 - UAVPathPlanner - [32mINFO[0m - é£›è¡Œå™¨é…ç½®è¼‰å…¥æˆåŠŸ: 4 ç¨®é¡å‹
2026-02-04 02:45:23 - UAVPathPlanner - [32mINFO[0m - å•Ÿå‹• GUI æ¨¡å¼...
2026-02-04 02:45:23 - UAVPathPlanner - [32mINFO[0m - QtWebEngineWidgets è¼‰å…¥æˆåŠŸ
2026-02-04 02:45:24 - UAVPathPlanner - [32mINFO[0m - åœ°åœ–åˆå§‹åŒ–æˆåŠŸ
2026-02-04 02:45:24 - UAVPathPlanner - [32mINFO[0m - åœ°åœ–çµ„ä»¶åˆå§‹åŒ–å®Œæˆ
2026-02-04 02:45:24 - UAVPathPlanner - [32mINFO[0m - åƒæ•¸é¢æ¿åˆå§‹åŒ–å®Œæˆ
2026-02-04 02:45:24 - UAVPathPlanner - [32mINFO[0m - ä»»å‹™é¢æ¿åˆå§‹åŒ–å®Œæˆ
2026-02-04 02:45:24 - UAVPathPlanner - [33mWARNING[0m - æ¨£å¼è¡¨ä¸å­˜åœ¨: c:\Users\admin\Desktop\global_path\uav_path_planner\ui\resources\styles\dark_theme.qss
2026-02-04 02:45:24 - UAVPathPlanner - [32mINFO[0m - ä¸»è¦–çª—åˆå§‹åŒ–å®Œæˆ
2026-02-04 02:45:24 - UAVPathPlanner - [32mINFO[0m - GUI å•Ÿå‹•æˆåŠŸ
2026-02-04 02:45:32 - UAVPathPlanner - [32mINFO[0m - åƒæ•¸å·²æ›´æ–°: {'spacing': 19.0}
2026-02-04 02:45:33 - UAVPathPlanner - [32mINFO[0m - åƒæ•¸å·²æ›´æ–°: {'subdivisions': 2}
2026-02-04 02:45:33 - UAVPathPlanner - [32mINFO[0m - åƒæ•¸å·²æ›´æ–°: {'region_spacing': 2.0}
2026-02-04 02:45:33 - UAVPathPlanner - [32mINFO[0m - åƒæ•¸å·²æ›´æ–°: {'region_spacing': 1.0}
2026-02-04 02:45:40 - UAVPathPlanner - [32mINFO[0m - åƒæ•¸å·²æ›´æ–°: {'subdivisions': 1}
2026-02-04 02:45:48 - UAVPathPlanner - [32mINFO[0m - åœ°åœ–åˆå§‹åŒ–æˆåŠŸ
2026-02-04 02:45:48 - UAVPathPlanner - [32mINFO[0m - å·²æ¸…é™¤é‚Šç•Œé»
2026-02-04 02:45:48 - UAVPathPlanner - [32mINFO[0m - å·²æ¸…é™¤é‚Šç•Œ
2026-02-04 02:45:48 - UAVPathPlanner - [32mINFO[0m - åœ°åœ–åˆå§‹åŒ–æˆåŠŸ
2026-02-04 02:45:48 - UAVPathPlanner - [32mINFO[0m - å·²æ¸…é™¤è·¯å¾‘
2026-02-04 02:45:48 - UAVPathPlanner - [32mINFO[0m - å·²æ¸…é™¤è·¯å¾‘
2026-02-04 02:45:48 - UAVPathPlanner - [32mINFO[0m - å·²æ¸…é™¤å…¨éƒ¨
2026-02-04 02:45:48 - UAVPathPlanner - [32mINFO[0m - å‰µå»ºæ–°ä»»å‹™
2026-02-04 02:46:16 - UAVPathPlanner - [32mINFO[0m - åœ°åœ–åˆå§‹åŒ–æˆåŠŸ
2026-02-04 02:46:16 - UAVPathPlanner - [32mINFO[0m - å·²æ¸…é™¤é‚Šç•Œé»
2026-02-04 02:46:16 - UAVPathPlanner - [32mINFO[0m - å·²æ¸…é™¤é‚Šç•Œ
2026-02-04 02:46:16 - UAVPathPlanner - [32mINFO[0m - åœ°åœ–åˆå§‹åŒ–æˆåŠŸ
2026-02-04 02:46:16 - UAVPathPlanner - [32mINFO[0m - å·²æ¸…é™¤è·¯å¾‘
2026-02-04 02:46:16 - UAVPathPlanner - [32mINFO[0m - å·²æ¸…é™¤è·¯å¾‘
2026-02-04 02:46:16 - UAVPathPlanner - [32mINFO[0m - å·²æ¸…é™¤å…¨éƒ¨
2026-02-04 02:46:16 - UAVPathPlanner - [32mINFO[0m - è«‹æ±‚æ¸…é™¤: all
2026-02-04 02:46:18 - UAVPathPlanner - [32mINFO[0m - åƒæ•¸å·²æ›´æ–°: {'angle': -8.0}
2026-02-04 02:46:18 - UAVPathPlanner - [32mINFO[0m - åƒæ•¸å·²æ›´æ–°: {'angle': -1.0}
2026-02-04 02:46:18 - UAVPathPlanner - [32mINFO[0m - åƒæ•¸å·²æ›´æ–°: {'angle': -4.0}
2026-02-04 02:46:18 - UAVPathPlanner - [32mINFO[0m - åƒæ•¸å·²æ›´æ–°: {'angle': -7.0}
2026-02-04 02:46:18 - UAVPathPlanner - [32mINFO[0m - åƒæ•¸å·²æ›´æ–°: {'angle': -10.0}
2026-02-04 02:46:18 - UAVPathPlanner - [32mINFO[0m - åƒæ•¸å·²æ›´æ–°: {'angle': 0.0}
2026-02-04 02:46:18 - UAVPathPlanner - [32mINFO[0m - åƒæ•¸å·²æ›´æ–°: {'angle': -19.0}
2026-02-04 02:46:18 - UAVPathPlanner - [32mINFO[0m - åƒæ•¸å·²æ›´æ–°: {'angle': -6.0}
2026-02-04 02:46:19 - UAVPathPlanner - [32mINFO[0m - åƒæ•¸å·²æ›´æ–°: {'angle': -19.0}
2026-02-04 02:46:19 - UAVPathPlanner - [32mINFO[0m - åƒæ•¸å·²æ›´æ–°: {'angle': -15.0}
2026-02-04 02:46:19 - UAVPathPlanner - [32mINFO[0m - åƒæ•¸å·²æ›´æ–°: {'angle': -18.0}
2026-02-04 02:46:19 - UAVPathPlanner - [32mINFO[0m - åƒæ•¸å·²æ›´æ–°: {'angle': -24.0}
2026-02-04 02:46:19 - UAVPathPlanner - [32mINFO[0m - åƒæ•¸å·²æ›´æ–°: {'angle': -27.0}
2026-02-04 02:46:19 - UAVPathPlanner - [32mINFO[0m - åƒæ•¸å·²æ›´æ–°: {'angle': -31.0}
2026-02-04 02:46:19 - UAVPathPlanner - [32mINFO[0m - åƒæ•¸å·²æ›´æ–°: {'angle': -34.0}
2026-02-04 02:46:19 - UAVPathPlanner - [32mINFO[0m - åƒæ•¸å·²æ›´æ–°: {'angle': -43.0}
2026-02-04 02:46:19 - UAVPathPlanner - [32mINFO[0m - åƒæ•¸å·²æ›´æ–°: {'angle': -49.0}
2026-02-04 02:46:19 - UAVPathPlanner - [32mINFO[0m - åƒæ•¸å·²æ›´æ–°: {'angle': -52.0}
2026-02-04 02:46:19 - UAVPathPlanner - [32mINFO[0m - åƒæ•¸å·²æ›´æ–°: {'angle': -55.0}
2026-02-04 02:46:19 - UAVPathPlanner - [32mINFO[0m - åƒæ•¸å·²æ›´æ–°: {'angle': -58.0}
2026-02-04 02:46:19 - UAVPathPlanner - [32mINFO[0m - åƒæ•¸å·²æ›´æ–°: {'angle': -61.0}
2026-02-04 02:46:19 - UAVPathPlanner - [32mINFO[0m - åƒæ•¸å·²æ›´æ–°: {'angle': -64.0}
2026-02-04 02:46:19 - UAVPathPlanner - [32mINFO[0m - åƒæ•¸å·²æ›´æ–°: {'angle': -67.0}
2026-02-04 02:46:19 - UAVPathPlanner - [32mINFO[0m - åƒæ•¸å·²æ›´æ–°: {'angle': -70.0}
2026-02-04 02:46:19 - UAVPathPlanner - [32mINFO[0m - åƒæ•¸å·²æ›´æ–°: {'angle': -67.0}
2026-02-04 02:46:19 - UAVPathPlanner - [32mINFO[0m - åƒæ•¸å·²æ›´æ–°: {'angle': -64.0}
2026-02-04 02:46:19 - UAVPathPlanner - [32mINFO[0m - åƒæ•¸å·²æ›´æ–°: {'angle': -61.0}
2026-02-04 02:46:19 - UAVPathPlanner - [32mINFO[0m - åƒæ•¸å·²æ›´æ–°: {'angle': -58.0}
2026-02-04 02:46:19 - UAVPathPlanner - [32mINFO[0m - åƒæ•¸å·²æ›´æ–°: {'angle': -55.0}
2026-02-04 02:46:19 - UAVPathPlanner - [32mINFO[0m - åƒæ•¸å·²æ›´æ–°: {'angle': -52.0}
2026-02-04 02:46:19 - UAVPathPlanner - [32mINFO[0m - åƒæ•¸å·²æ›´æ–°: {'angle': -49.0}
2026-02-04 02:46:19 - UAVPathPlanner - [32mINFO[0m - åƒæ•¸å·²æ›´æ–°: {'angle': -46.0}
2026-02-04 02:46:19 - UAVPathPlanner - [32mINFO[0m - åƒæ•¸å·²æ›´æ–°: {'angle': -43.0}
2026-02-04 02:46:19 - UAVPathPlanner - [32mINFO[0m - åƒæ•¸å·²æ›´æ–°: {'angle': -40.0}
2026-02-04 02:46:19 - UAVPathPlanner - [32mINFO[0m - åƒæ•¸å·²æ›´æ–°: {'angle': -37.0}
2026-02-04 02:46:19 - UAVPathPlanner - [32mINFO[0m - åƒæ•¸å·²æ›´æ–°: {'angle': -34.0}
2026-02-04 02:46:19 - UAVPathPlanner - [32mINFO[0m - åƒæ•¸å·²æ›´æ–°: {'angle': -31.0}
2026-02-04 02:46:19 - UAVPathPlanner - [32mINFO[0m - åƒæ•¸å·²æ›´æ–°: {'angle': -27.0}
2026-02-04 02:46:19 - UAVPathPlanner - [32mINFO[0m - åƒæ•¸å·²æ›´æ–°: {'angle': -24.0}
2026-02-04 02:46:19 - UAVPathPlanner - [32mINFO[0m - åƒæ•¸å·²æ›´æ–°: {'angle': -21.0}
2026-02-04 02:46:19 - UAVPathPlanner - [32mINFO[0m - åƒæ•¸å·²æ›´æ–°: {'angle': -18.0}
2026-02-04 02:46:35 - UAVPathPlanner - [32mINFO[0m - æ‡‰ç”¨ç¨‹å¼é—œé–‰
2026-02-04 02:46:35 - UAVPathPlanner - [32mINFO[0m - UAV Path Planner å·²é€€å‡º
2026-02-04 02:56:10 - UAVPathPlanner - [32mINFO[0m - ============================================================
2026-02-04 02:56:10 - UAVPathPlanner - [32mINFO[0m - UAV Path Planner å•Ÿå‹•
2026-02-04 02:56:10 - UAVPathPlanner - [32mINFO[0m - ç‰ˆæœ¬: 2.0.0
2026-02-04 02:56:10 - UAVPathPlanner - [32mINFO[0m - ============================================================
2026-02-04 02:56:10 - UAVPathPlanner - [32mINFO[0m - é…ç½®æ–‡ä»¶: ä½¿ç”¨é è¨­é…ç½®
2026-02-04 02:56:10 - UAVPathPlanner - [32mINFO[0m - é£›è¡Œå™¨é…ç½®è¼‰å…¥æˆåŠŸ: 4 ç¨®é¡å‹
2026-02-04 02:56:10 - UAVPathPlanner - [32mINFO[0m - å•Ÿå‹• GUI æ¨¡å¼...
2026-02-04 02:56:10 - UAVPathPlanner - [32mINFO[0m - QtWebEngineWidgets è¼‰å…¥æˆåŠŸ
2026-02-04 02:56:10 - UAVPathPlanner - [31mERROR[0m - åœ°åœ–åˆå§‹åŒ–å¤±æ•—: 'MapWidget' object has no attribute 'render_map'
2026-02-04 02:56:14 - UAVPathPlanner - [32mINFO[0m - åœ°åœ–çµ„ä»¶åˆå§‹åŒ–å®Œæˆ
2026-02-04 02:56:14 - UAVPathPlanner - [32mINFO[0m - åƒæ•¸é¢æ¿åˆå§‹åŒ–å®Œæˆ
2026-02-04 02:56:14 - UAVPathPlanner - [32mINFO[0m - ä»»å‹™é¢æ¿åˆå§‹åŒ–å®Œæˆ
2026-02-04 02:56:14 - UAVPathPlanner - [33mWARNING[0m - æ¨£å¼è¡¨ä¸å­˜åœ¨: c:\Users\admin\Desktop\global_path\uav_path_planner\ui\resources\styles\dark_theme.qss
2026-02-04 02:56:14 - UAVPathPlanner - [32mINFO[0m - ä¸»è¦–çª—åˆå§‹åŒ–å®Œæˆ
2026-02-04 02:56:14 - UAVPathPlanner - [32mINFO[0m - GUI å•Ÿå‹•æˆåŠŸ
2026-02-04 02:56:16 - UAVPathPlanner - [32mINFO[0m - åƒæ•¸å·²æ›´æ–°: {'yaw_speed': 61.0}
2026-02-04 03:03:25 - UAVPathPlanner - [32mINFO[0m - ============================================================
2026-02-04 03:03:25 - UAVPathPlanner - [32mINFO[0m - UAV Path Planner å•Ÿå‹•
2026-02-04 03:03:25 - UAVPathPlanner - [32mINFO[0m - ç‰ˆæœ¬: 2.0.0
2026-02-04 03:03:25 - UAVPathPlanner - [32mINFO[0m - ============================================================
2026-02-04 03:03:25 - UAVPathPlanner - [32mINFO[0m - é…ç½®æ–‡ä»¶: ä½¿ç”¨é è¨­é…ç½®
2026-02-04 03:03:25 - UAVPathPlanner - [32mINFO[0m - é£›è¡Œå™¨é…ç½®è¼‰å…¥æˆåŠŸ: 4 ç¨®é¡å‹
2026-02-04 03:03:25 - UAVPathPlanner - [32mINFO[0m - å•Ÿå‹• GUI æ¨¡å¼...
2026-02-04 03:03:25 - UAVPathPlanner - [32mINFO[0m - QtWebEngineWidgets è¼‰å…¥æˆåŠŸ
2026-02-04 03:03:26 - UAVPathPlanner - [32mINFO[0m - åœ°åœ–åˆå§‹åŒ–æˆåŠŸ
2026-02-04 03:03:26 - UAVPathPlanner - [32mINFO[0m - åœ°åœ–çµ„ä»¶åˆå§‹åŒ–å®Œæˆ
2026-02-04 03:03:26 - UAVPathPlanner - [32mINFO[0m - åƒæ•¸é¢æ¿åˆå§‹åŒ–å®Œæˆ
2026-02-04 03:03:26 - UAVPathPlanner - [32mINFO[0m - ä»»å‹™é¢æ¿åˆå§‹åŒ–å®Œæˆ
2026-02-04 03:03:26 - UAVPathPlanner - [33mWARNING[0m - æ¨£å¼è¡¨ä¸å­˜åœ¨: c:\Users\admin\Desktop\global_path\uav_path_planner\ui\resources\styles\dark_theme.qss
2026-02-04 03:03:26 - UAVPathPlanner - [32mINFO[0m - ä¸»è¦–çª—åˆå§‹åŒ–å®Œæˆ
2026-02-04 03:03:26 - UAVPathPlanner - [32mINFO[0m - GUI å•Ÿå‹•æˆåŠŸ
2026-02-04 03:03:41 - UAVPathPlanner - [32mINFO[0m - åƒæ•¸å·²æ›´æ–°: {'subdivisions': 6}
2026-02-04 03:04:23 - UAVPathPlanner - [32mINFO[0m - è«‹æ±‚é è¦½è·¯å¾‘
2026-02-04 03:04:56 - UAVPathPlanner - [32mINFO[0m - åƒæ•¸å·²æ›´æ–°: {'reduce_overlap': False}
2026-02-04 03:04:57 - UAVPathPlanner - [32mINFO[0m - åƒæ•¸å·²æ›´æ–°: {'reduce_overlap': False}
2026-02-04 03:04:58 - UAVPathPlanner - [32mINFO[0m - åƒæ•¸å·²æ›´æ–°: {'reduce_overlap': False}
2026-02-04 03:04:59 - UAVPathPlanner - [32mINFO[0m - åƒæ•¸å·²æ›´æ–°: {'reduce_overlap': False}
2026-02-04 03:05:01 - UAVPathPlanner - [32mINFO[0m - åƒæ•¸å·²æ›´æ–°: {'flight_mode': 'synchronous'}
2026-02-04 03:05:03 - UAVPathPlanner - [32mINFO[0m - åƒæ•¸å·²æ›´æ–°: {'flight_mode': 'smart_collision'}
2026-02-04 03:05:06 - UAVPathPlanner - [32mINFO[0m - åƒæ•¸å·²æ›´æ–°: {'region_spacing': 4.0}
2026-02-04 03:05:07 - UAVPathPlanner - [32mINFO[0m - åƒæ•¸å·²æ›´æ–°: {'region_spacing': 3.0}
2026-02-04 03:05:19 - UAVPathPlanner - [32mINFO[0m - æ‡‰ç”¨ç¨‹å¼é—œé–‰
2026-02-04 03:05:20 - UAVPathPlanner - [32mINFO[0m - UAV Path Planner å·²é€€å‡º
2026-02-04 11:57:11 - UAVPathPlanner - [32mINFO[0m - ============================================================
2026-02-04 11:57:11 - UAVPathPlanner - [32mINFO[0m - UAV Path Planner å•Ÿå‹•
2026-02-04 11:57:11 - UAVPathPlanner - [32mINFO[0m - ç‰ˆæœ¬: 2.0.0
2026-02-04 11:57:11 - UAVPathPlanner - [32mINFO[0m - ============================================================
2026-02-04 11:57:11 - UAVPathPlanner - [32mINFO[0m - é…ç½®æ–‡ä»¶: ä½¿ç”¨é è¨­é…ç½®
2026-02-04 11:57:11 - UAVPathPlanner - [32mINFO[0m - é£›è¡Œå™¨é…ç½®è¼‰å…¥æˆåŠŸ: 4 ç¨®é¡å‹
2026-02-04 11:57:11 - UAVPathPlanner - [32mINFO[0m - å•Ÿå‹• GUI æ¨¡å¼...
2026-02-04 11:57:13 - UAVPathPlanner - [32mINFO[0m - QtWebEngineWidgets è¼‰å…¥æˆåŠŸ
2026-02-04 11:57:16 - UAVPathPlanner - [32mINFO[0m - åœ°åœ–åˆå§‹åŒ–æˆåŠŸ
2026-02-04 11:57:16 - UAVPathPlanner - [32mINFO[0m - åœ°åœ–çµ„ä»¶åˆå§‹åŒ–å®Œæˆ
2026-02-04 11:57:16 - UAVPathPlanner - [32mINFO[0m - åƒæ•¸é¢æ¿åˆå§‹åŒ–å®Œæˆ
2026-02-04 11:57:16 - UAVPathPlanner - [32mINFO[0m - ä»»å‹™é¢æ¿åˆå§‹åŒ–å®Œæˆ
2026-02-04 11:57:17 - UAVPathPlanner - [33mWARNING[0m - æ¨£å¼è¡¨ä¸å­˜åœ¨: c:\Users\admin\Desktop\global_path\uav_path_planner\ui\resources\styles\dark_theme.qss
2026-02-04 11:57:17 - UAVPathPlanner - [32mINFO[0m - ä¸»è¦–çª—åˆå§‹åŒ–å®Œæˆ
2026-02-04 11:57:17 - UAVPathPlanner - [32mINFO[0m - GUI å•Ÿå‹•æˆåŠŸ
2026-02-04 11:57:33 - UAVPathPlanner - [32mINFO[0m - åƒæ•¸å·²æ›´æ–°: {'angle': 72.0}
2026-02-04 11:57:34 - UAVPathPlanner - [32mINFO[0m - åƒæ•¸å·²æ›´æ–°: {'angle': 86.0}
2026-02-04 11:57:34 - UAVPathPlanner - [32mINFO[0m - åƒæ•¸å·²æ›´æ–°: {'angle': 89.0}
2026-02-04 11:57:34 - UAVPathPlanner - [32mINFO[0m - åƒæ•¸å·²æ›´æ–°: {'angle': 92.0}
2026-02-04 11:57:34 - UAVPathPlanner - [32mINFO[0m - åƒæ•¸å·²æ›´æ–°: {'angle': 95.0}
2026-02-04 11:57:34 - UAVPathPlanner - [32mINFO[0m - åƒæ•¸å·²æ›´æ–°: {'angle': 98.0}
2026-02-04 11:57:34 - UAVPathPlanner - [32mINFO[0m - åƒæ•¸å·²æ›´æ–°: {'angle': 101.0}
2026-02-04 11:57:34 - UAVPathPlanner - [32mINFO[0m - åƒæ•¸å·²æ›´æ–°: {'angle': 137.0}
2026-02-04 11:57:34 - UAVPathPlanner - [32mINFO[0m - åƒæ•¸å·²æ›´æ–°: {'angle': 149.0}
2026-02-04 11:57:34 - UAVPathPlanner - [32mINFO[0m - åƒæ•¸å·²æ›´æ–°: {'angle': 164.0}
2026-02-04 11:57:34 - UAVPathPlanner - [32mINFO[0m - åƒæ•¸å·²æ›´æ–°: {'angle': 174.0}
2026-02-04 11:57:34 - UAVPathPlanner - [32mINFO[0m - åƒæ•¸å·²æ›´æ–°: {'angle': 180.0}
2026-02-04 11:57:34 - UAVPathPlanner - [32mINFO[0m - åƒæ•¸å·²æ›´æ–°: {'angle': 177.0}
2026-02-04 11:57:34 - UAVPathPlanner - [32mINFO[0m - åƒæ•¸å·²æ›´æ–°: {'angle': 174.0}
2026-02-04 11:57:34 - UAVPathPlanner - [32mINFO[0m - åƒæ•¸å·²æ›´æ–°: {'angle': 171.0}
2026-02-04 11:57:34 - UAVPathPlanner - [32mINFO[0m - åƒæ•¸å·²æ›´æ–°: {'angle': 164.0}
2026-02-04 11:57:34 - UAVPathPlanner - [32mINFO[0m - åƒæ•¸å·²æ›´æ–°: {'angle': 161.0}
2026-02-04 11:57:34 - UAVPathPlanner - [32mINFO[0m - åƒæ•¸å·²æ›´æ–°: {'angle': 149.0}
2026-02-04 11:57:34 - UAVPathPlanner - [32mINFO[0m - åƒæ•¸å·²æ›´æ–°: {'angle': 146.0}
2026-02-04 11:57:34 - UAVPathPlanner - [32mINFO[0m - åƒæ•¸å·²æ›´æ–°: {'angle': 137.0}
2026-02-04 11:57:34 - UAVPathPlanner - [32mINFO[0m - åƒæ•¸å·²æ›´æ–°: {'angle': 127.0}
2026-02-04 11:57:34 - UAVPathPlanner - [32mINFO[0m - åƒæ•¸å·²æ›´æ–°: {'angle': 124.0}
2026-02-04 11:57:35 - UAVPathPlanner - [32mINFO[0m - åƒæ•¸å·²æ›´æ–°: {'angle': 121.0}
2026-02-04 11:57:35 - UAVPathPlanner - [32mINFO[0m - åƒæ•¸å·²æ›´æ–°: {'angle': 118.0}
2026-02-04 11:57:35 - UAVPathPlanner - [32mINFO[0m - åƒæ•¸å·²æ›´æ–°: {'angle': 115.0}
2026-02-04 11:57:35 - UAVPathPlanner - [32mINFO[0m - åƒæ•¸å·²æ›´æ–°: {'angle': 112.0}
2026-02-04 11:57:35 - UAVPathPlanner - [32mINFO[0m - åƒæ•¸å·²æ›´æ–°: {'angle': 106.0}
2026-02-04 11:57:35 - UAVPathPlanner - [32mINFO[0m - åƒæ•¸å·²æ›´æ–°: {'angle': 99.0}
2026-02-04 11:57:35 - UAVPathPlanner - [32mINFO[0m - åƒæ•¸å·²æ›´æ–°: {'angle': 78.0}
2026-02-04 11:57:35 - UAVPathPlanner - [32mINFO[0m - åƒæ•¸å·²æ›´æ–°: {'angle': 69.0}
2026-02-04 11:57:35 - UAVPathPlanner - [32mINFO[0m - åƒæ•¸å·²æ›´æ–°: {'angle': 54.0}
2026-02-04 11:57:35 - UAVPathPlanner - [32mINFO[0m - åƒæ•¸å·²æ›´æ–°: {'angle': 42.0}
2026-02-04 11:57:35 - UAVPathPlanner - [32mINFO[0m - åƒæ•¸å·²æ›´æ–°: {'angle': 31.0}
2026-02-04 11:57:35 - UAVPathPlanner - [32mINFO[0m - åƒæ•¸å·²æ›´æ–°: {'angle': 19.0}
2026-02-04 11:57:35 - UAVPathPlanner - [32mINFO[0m - åƒæ•¸å·²æ›´æ–°: {'angle': 16.0}
2026-02-04 11:57:35 - UAVPathPlanner - [32mINFO[0m - åƒæ•¸å·²æ›´æ–°: {'angle': 10.0}
2026-02-04 11:57:35 - UAVPathPlanner - [32mINFO[0m - åƒæ•¸å·²æ›´æ–°: {'angle': 1.0}
2026-02-04 11:57:35 - UAVPathPlanner - [32mINFO[0m - åƒæ•¸å·²æ›´æ–°: {'angle': -11.0}
2026-02-04 11:57:35 - UAVPathPlanner - [32mINFO[0m - åƒæ•¸å·²æ›´æ–°: {'angle': 3.0}
2026-02-04 11:57:35 - UAVPathPlanner - [32mINFO[0m - åƒæ•¸å·²æ›´æ–°: {'angle': -17.0}
2026-02-04 11:57:35 - UAVPathPlanner - [32mINFO[0m - åƒæ•¸å·²æ›´æ–°: {'angle': -3.0}
2026-02-04 11:57:35 - UAVPathPlanner - [32mINFO[0m - åƒæ•¸å·²æ›´æ–°: {'angle': -16.0}
2026-02-04 11:57:35 - UAVPathPlanner - [32mINFO[0m - åƒæ•¸å·²æ›´æ–°: {'angle': -12.0}
2026-02-04 11:57:35 - UAVPathPlanner - [32mINFO[0m - åƒæ•¸å·²æ›´æ–°: {'angle': -15.0}
2026-02-04 11:57:35 - UAVPathPlanner - [32mINFO[0m - åƒæ•¸å·²æ›´æ–°: {'angle': -24.0}
2026-02-04 11:57:35 - UAVPathPlanner - [32mINFO[0m - åƒæ•¸å·²æ›´æ–°: {'angle': -27.0}
2026-02-04 11:57:35 - UAVPathPlanner - [32mINFO[0m - åƒæ•¸å·²æ›´æ–°: {'angle': -31.0}
2026-02-04 11:57:35 - UAVPathPlanner - [32mINFO[0m - åƒæ•¸å·²æ›´æ–°: {'angle': -37.0}
2026-02-04 11:57:35 - UAVPathPlanner - [32mINFO[0m - åƒæ•¸å·²æ›´æ–°: {'angle': -40.0}
2026-02-04 11:57:35 - UAVPathPlanner - [32mINFO[0m - åƒæ•¸å·²æ›´æ–°: {'angle': -43.0}
2026-02-04 11:57:35 - UAVPathPlanner - [32mINFO[0m - åƒæ•¸å·²æ›´æ–°: {'angle': -46.0}
2026-02-04 11:57:35 - UAVPathPlanner - [32mINFO[0m - åƒæ•¸å·²æ›´æ–°: {'angle': -52.0}
2026-02-04 11:57:35 - UAVPathPlanner - [32mINFO[0m - åƒæ•¸å·²æ›´æ–°: {'angle': -55.0}
2026-02-04 11:57:35 - UAVPathPlanner - [32mINFO[0m - åƒæ•¸å·²æ›´æ–°: {'angle': -58.0}
2026-02-04 11:57:35 - UAVPathPlanner - [32mINFO[0m - åƒæ•¸å·²æ›´æ–°: {'angle': -61.0}
2026-02-04 11:57:35 - UAVPathPlanner - [32mINFO[0m - åƒæ•¸å·²æ›´æ–°: {'angle': -64.0}
2026-02-04 11:57:35 - UAVPathPlanner - [32mINFO[0m - åƒæ•¸å·²æ›´æ–°: {'angle': -67.0}
2026-02-04 11:57:35 - UAVPathPlanner - [32mINFO[0m - åƒæ•¸å·²æ›´æ–°: {'angle': -70.0}
2026-02-04 11:57:35 - UAVPathPlanner - [32mINFO[0m - åƒæ•¸å·²æ›´æ–°: {'angle': -73.0}
2026-02-04 11:57:35 - UAVPathPlanner - [32mINFO[0m - åƒæ•¸å·²æ›´æ–°: {'angle': -76.0}
2026-02-04 11:57:35 - UAVPathPlanner - [32mINFO[0m - åƒæ•¸å·²æ›´æ–°: {'angle': -79.0}
2026-02-04 11:57:35 - UAVPathPlanner - [32mINFO[0m - åƒæ•¸å·²æ›´æ–°: {'angle': -82.0}
2026-02-04 11:57:35 - UAVPathPlanner - [32mINFO[0m - åƒæ•¸å·²æ›´æ–°: {'angle': -85.0}
2026-02-04 11:57:35 - UAVPathPlanner - [32mINFO[0m - åƒæ•¸å·²æ›´æ–°: {'angle': -88.0}
2026-02-04 11:57:36 - UAVPathPlanner - [32mINFO[0m - åƒæ•¸å·²æ›´æ–°: {'angle': -92.0}
2026-02-04 11:57:36 - UAVPathPlanner - [32mINFO[0m - åƒæ•¸å·²æ›´æ–°: {'angle': -95.0}
2026-02-04 11:57:36 - UAVPathPlanner - [32mINFO[0m - åƒæ•¸å·²æ›´æ–°: {'angle': -98.0}
2026-02-04 11:57:36 - UAVPathPlanner - [32mINFO[0m - åƒæ•¸å·²æ›´æ–°: {'angle': -101.0}
2026-02-04 11:57:36 - UAVPathPlanner - [32mINFO[0m - åƒæ•¸å·²æ›´æ–°: {'angle': -99.0}
2026-02-04 11:57:36 - UAVPathPlanner - [32mINFO[0m - åƒæ•¸å·²æ›´æ–°: {'angle': -107.0}
2026-02-04 11:57:36 - UAVPathPlanner - [32mINFO[0m - åƒæ•¸å·²æ›´æ–°: {'angle': -105.0}
2026-02-04 11:57:36 - UAVPathPlanner - [32mINFO[0m - åƒæ•¸å·²æ›´æ–°: {'angle': -109.0}
2026-02-04 11:57:36 - UAVPathPlanner - [32mINFO[0m - åƒæ•¸å·²æ›´æ–°: {'angle': -112.0}
2026-02-04 11:57:36 - UAVPathPlanner - [32mINFO[0m - åƒæ•¸å·²æ›´æ–°: {'angle': -115.0}
2026-02-04 11:57:36 - UAVPathPlanner - [32mINFO[0m - åƒæ•¸å·²æ›´æ–°: {'angle': -118.0}
2026-02-04 11:57:36 - UAVPathPlanner - [32mINFO[0m - åƒæ•¸å·²æ›´æ–°: {'angle': -122.0}
2026-02-04 11:57:36 - UAVPathPlanner - [32mINFO[0m - åƒæ•¸å·²æ›´æ–°: {'angle': -125.0}
2026-02-04 11:57:36 - UAVPathPlanner - [32mINFO[0m - åƒæ•¸å·²æ›´æ–°: {'angle': -128.0}
2026-02-04 11:57:36 - UAVPathPlanner - [32mINFO[0m - åƒæ•¸å·²æ›´æ–°: {'angle': -141.0}
2026-02-04 11:57:36 - UAVPathPlanner - [32mINFO[0m - åƒæ•¸å·²æ›´æ–°: {'angle': -154.0}
2026-02-04 11:57:36 - UAVPathPlanner - [32mINFO[0m - åƒæ•¸å·²æ›´æ–°: {'angle': -164.0}
2026-02-04 11:57:36 - UAVPathPlanner - [32mINFO[0m - åƒæ•¸å·²æ›´æ–°: {'angle': -177.0}
2026-02-04 11:57:36 - UAVPathPlanner - [32mINFO[0m - åƒæ•¸å·²æ›´æ–°: {'angle': -180.0}
2026-02-04 11:57:36 - UAVPathPlanner - [32mINFO[0m - åƒæ•¸å·²æ›´æ–°: {'angle': -177.0}
2026-02-04 11:57:36 - UAVPathPlanner - [32mINFO[0m - åƒæ•¸å·²æ›´æ–°: {'angle': -174.0}
2026-02-04 11:57:36 - UAVPathPlanner - [32mINFO[0m - åƒæ•¸å·²æ›´æ–°: {'angle': -170.0}
2026-02-04 11:57:36 - UAVPathPlanner - [32mINFO[0m - åƒæ•¸å·²æ›´æ–°: {'angle': -167.0}
2026-02-04 11:57:36 - UAVPathPlanner - [32mINFO[0m - åƒæ•¸å·²æ›´æ–°: {'angle': -154.0}
2026-02-04 11:57:36 - UAVPathPlanner - [32mINFO[0m - åƒæ•¸å·²æ›´æ–°: {'angle': -151.0}
2026-02-04 11:57:36 - UAVPathPlanner - [32mINFO[0m - åƒæ•¸å·²æ›´æ–°: {'angle': -141.0}
2026-02-04 11:57:36 - UAVPathPlanner - [32mINFO[0m - åƒæ•¸å·²æ›´æ–°: {'angle': -125.0}
2026-02-04 11:57:37 - UAVPathPlanner - [32mINFO[0m - åƒæ•¸å·²æ›´æ–°: {'angle': -105.0}
2026-02-04 11:57:37 - UAVPathPlanner - [32mINFO[0m - åƒæ•¸å·²æ›´æ–°: {'angle': -86.0}
2026-02-04 11:57:37 - UAVPathPlanner - [32mINFO[0m - åƒæ•¸å·²æ›´æ–°: {'angle': -73.0}
2026-02-04 11:57:37 - UAVPathPlanner - [32mINFO[0m - åƒæ•¸å·²æ›´æ–°: {'angle': -70.0}
2026-02-04 11:57:37 - UAVPathPlanner - [32mINFO[0m - åƒæ•¸å·²æ›´æ–°: {'angle': -52.0}
2026-02-04 11:57:37 - UAVPathPlanner - [32mINFO[0m - åƒæ•¸å·²æ›´æ–°: {'angle': -37.0}
2026-02-04 11:57:37 - UAVPathPlanner - [32mINFO[0m - åƒæ•¸å·²æ›´æ–°: {'angle': -24.0}
2026-02-04 11:57:37 - UAVPathPlanner - [32mINFO[0m - åƒæ•¸å·²æ›´æ–°: {'angle': -18.0}
2026-02-04 11:57:37 - UAVPathPlanner - [32mINFO[0m - åƒæ•¸å·²æ›´æ–°: {'angle': -12.0}
2026-02-04 11:57:37 - UAVPathPlanner - [32mINFO[0m - åƒæ•¸å·²æ›´æ–°: {'angle': -6.0}
2026-02-04 11:57:37 - UAVPathPlanner - [32mINFO[0m - åƒæ•¸å·²æ›´æ–°: {'angle': -7.0}
2026-02-04 11:57:37 - UAVPathPlanner - [32mINFO[0m - åƒæ•¸å·²æ›´æ–°: {'angle': 4.0}
2026-02-04 11:57:37 - UAVPathPlanner - [32mINFO[0m - åƒæ•¸å·²æ›´æ–°: {'angle': 3.0}
2026-02-04 11:57:53 - UAVPathPlanner - [32mINFO[0m - åƒæ•¸å·²æ›´æ–°: {'altitude': 49.0}
2026-02-04 11:57:53 - UAVPathPlanner - [32mINFO[0m - åƒæ•¸å·²æ›´æ–°: {'altitude': 50.0}
2026-02-04 11:57:53 - UAVPathPlanner - [32mINFO[0m - åƒæ•¸å·²æ›´æ–°: {'altitude': 51.0}
2026-02-04 11:57:53 - UAVPathPlanner - [32mINFO[0m - åƒæ•¸å·²æ›´æ–°: {'altitude': 52.0}
2026-02-04 11:57:54 - UAVPathPlanner - [32mINFO[0m - åƒæ•¸å·²æ›´æ–°: {'altitude': 53.0}
2026-02-04 11:57:54 - UAVPathPlanner - [32mINFO[0m - åƒæ•¸å·²æ›´æ–°: {'altitude': 54.0}
2026-02-04 11:57:54 - UAVPathPlanner - [32mINFO[0m - åƒæ•¸å·²æ›´æ–°: {'altitude': 55.0}
2026-02-04 11:57:54 - UAVPathPlanner - [32mINFO[0m - åƒæ•¸å·²æ›´æ–°: {'altitude': 56.0}
2026-02-04 11:57:55 - UAVPathPlanner - [32mINFO[0m - åƒæ•¸å·²æ›´æ–°: {'altitude': 57.0}
2026-02-04 11:57:55 - UAVPathPlanner - [32mINFO[0m - åƒæ•¸å·²æ›´æ–°: {'altitude': 58.0}
2026-02-04 11:57:55 - UAVPathPlanner - [32mINFO[0m - åƒæ•¸å·²æ›´æ–°: {'altitude': 59.0}
2026-02-04 11:57:55 - UAVPathPlanner - [32mINFO[0m - åƒæ•¸å·²æ›´æ–°: {'altitude': 60.0}
2026-02-04 11:57:55 - UAVPathPlanner - [32mINFO[0m - åƒæ•¸å·²æ›´æ–°: {'altitude': 61.0}
2026-02-04 11:57:55 - UAVPathPlanner - [32mINFO[0m - åƒæ•¸å·²æ›´æ–°: {'altitude': 62.0}
2026-02-04 11:57:56 - UAVPathPlanner - [32mINFO[0m - åƒæ•¸å·²æ›´æ–°: {'altitude': 63.0}
2026-02-04 11:57:56 - UAVPathPlanner - [32mINFO[0m - åƒæ•¸å·²æ›´æ–°: {'altitude': 64.0}
2026-02-04 11:57:56 - UAVPathPlanner - [32mINFO[0m - åƒæ•¸å·²æ›´æ–°: {'altitude': 65.0}
2026-02-04 11:57:56 - UAVPathPlanner - [32mINFO[0m - åƒæ•¸å·²æ›´æ–°: {'altitude': 66.0}
2026-02-04 11:57:56 - UAVPathPlanner - [32mINFO[0m - åƒæ•¸å·²æ›´æ–°: {'altitude': 67.0}
2026-02-04 11:57:56 - UAVPathPlanner - [32mINFO[0m - åƒæ•¸å·²æ›´æ–°: {'altitude': 68.0}
2026-02-04 11:57:57 - UAVPathPlanner - [32mINFO[0m - åƒæ•¸å·²æ›´æ–°: {'altitude': 69.0}
2026-02-04 11:57:57 - UAVPathPlanner - [32mINFO[0m - åƒæ•¸å·²æ›´æ–°: {'altitude': 70.0}
2026-02-04 11:57:57 - UAVPathPlanner - [32mINFO[0m - åƒæ•¸å·²æ›´æ–°: {'altitude': 71.0}
2026-02-04 11:57:57 - UAVPathPlanner - [32mINFO[0m - åƒæ•¸å·²æ›´æ–°: {'altitude': 72.0}
2026-02-04 11:57:57 - UAVPathPlanner - [32mINFO[0m - åƒæ•¸å·²æ›´æ–°: {'altitude': 73.0}
2026-02-04 11:57:57 - UAVPathPlanner - [32mINFO[0m - åƒæ•¸å·²æ›´æ–°: {'altitude': 74.0}
2026-02-04 11:57:57 - UAVPathPlanner - [32mINFO[0m - åƒæ•¸å·²æ›´æ–°: {'altitude': 75.0}
2026-02-04 11:57:58 - UAVPathPlanner - [32mINFO[0m - åƒæ•¸å·²æ›´æ–°: {'altitude': 76.0}
2026-02-04 11:57:58 - UAVPathPlanner - [32mINFO[0m - åƒæ•¸å·²æ›´æ–°: {'altitude': 77.0}
2026-02-04 11:57:58 - UAVPathPlanner - [32mINFO[0m - åƒæ•¸å·²æ›´æ–°: {'altitude': 78.0}
2026-02-04 11:57:58 - UAVPathPlanner - [32mINFO[0m - åƒæ•¸å·²æ›´æ–°: {'altitude': 79.0}
2026-02-04 11:57:58 - UAVPathPlanner - [32mINFO[0m - åƒæ•¸å·²æ›´æ–°: {'altitude': 80.0}
2026-02-04 11:57:58 - UAVPathPlanner - [32mINFO[0m - åƒæ•¸å·²æ›´æ–°: {'altitude': 81.0}
2026-02-04 11:57:59 - UAVPathPlanner - [32mINFO[0m - åƒæ•¸å·²æ›´æ–°: {'altitude': 82.0}
2026-02-04 11:57:59 - UAVPathPlanner - [32mINFO[0m - åƒæ•¸å·²æ›´æ–°: {'altitude': 83.0}
2026-02-04 11:57:59 - UAVPathPlanner - [32mINFO[0m - åƒæ•¸å·²æ›´æ–°: {'altitude': 84.0}
2026-02-04 11:57:59 - UAVPathPlanner - [32mINFO[0m - åƒæ•¸å·²æ›´æ–°: {'altitude': 85.0}
2026-02-04 11:57:59 - UAVPathPlanner - [32mINFO[0m - åƒæ•¸å·²æ›´æ–°: {'altitude': 86.0}
2026-02-04 11:57:59 - UAVPathPlanner - [32mINFO[0m - åƒæ•¸å·²æ›´æ–°: {'altitude': 87.0}
2026-02-04 11:57:59 - UAVPathPlanner - [32mINFO[0m - åƒæ•¸å·²æ›´æ–°: {'altitude': 88.0}
2026-02-04 11:58:00 - UAVPathPlanner - [32mINFO[0m - åƒæ•¸å·²æ›´æ–°: {'altitude': 89.0}
2026-02-04 11:58:00 - UAVPathPlanner - [32mINFO[0m - åƒæ•¸å·²æ›´æ–°: {'altitude': 90.0}
2026-02-04 11:58:00 - UAVPathPlanner - [32mINFO[0m - åƒæ•¸å·²æ›´æ–°: {'altitude': 91.0}
2026-02-04 11:58:00 - UAVPathPlanner - [32mINFO[0m - åƒæ•¸å·²æ›´æ–°: {'altitude': 92.0}
2026-02-04 11:58:00 - UAVPathPlanner - [32mINFO[0m - åƒæ•¸å·²æ›´æ–°: {'altitude': 93.0}
2026-02-04 11:58:00 - UAVPathPlanner - [32mINFO[0m - åƒæ•¸å·²æ›´æ–°: {'altitude': 94.0}
2026-02-04 11:58:01 - UAVPathPlanner - [32mINFO[0m - åƒæ•¸å·²æ›´æ–°: {'altitude': 95.0}
2026-02-04 11:58:01 - UAVPathPlanner - [32mINFO[0m - åƒæ•¸å·²æ›´æ–°: {'altitude': 96.0}
2026-02-04 11:58:01 - UAVPathPlanner - [32mINFO[0m - åƒæ•¸å·²æ›´æ–°: {'altitude': 97.0}
2026-02-04 11:58:01 - UAVPathPlanner - [32mINFO[0m - åƒæ•¸å·²æ›´æ–°: {'altitude': 98.0}
2026-02-04 11:58:01 - UAVPathPlanner - [32mINFO[0m - åƒæ•¸å·²æ›´æ–°: {'altitude': 99.0}
2026-02-04 11:58:01 - UAVPathPlanner - [32mINFO[0m - åƒæ•¸å·²æ›´æ–°: {'altitude': 100.0}
2026-02-04 11:58:02 - UAVPathPlanner - [32mINFO[0m - åƒæ•¸å·²æ›´æ–°: {'altitude': 101.0}
2026-02-04 11:58:02 - UAVPathPlanner - [32mINFO[0m - åƒæ•¸å·²æ›´æ–°: {'altitude': 102.0}
2026-02-04 11:58:02 - UAVPathPlanner - [32mINFO[0m - åƒæ•¸å·²æ›´æ–°: {'altitude': 103.0}
2026-02-04 11:58:02 - UAVPathPlanner - [32mINFO[0m - åƒæ•¸å·²æ›´æ–°: {'altitude': 104.0}
2026-02-04 11:58:02 - UAVPathPlanner - [32mINFO[0m - åƒæ•¸å·²æ›´æ–°: {'altitude': 105.0}
2026-02-04 11:58:02 - UAVPathPlanner - [32mINFO[0m - åƒæ•¸å·²æ›´æ–°: {'altitude': 106.0}
2026-02-04 11:58:02 - UAVPathPlanner - [32mINFO[0m - åƒæ•¸å·²æ›´æ–°: {'altitude': 107.0}
2026-02-04 11:58:03 - UAVPathPlanner - [32mINFO[0m - åƒæ•¸å·²æ›´æ–°: {'altitude': 108.0}
2026-02-04 11:58:03 - UAVPathPlanner - [32mINFO[0m - åƒæ•¸å·²æ›´æ–°: {'altitude': 109.0}
2026-02-04 11:58:03 - UAVPathPlanner - [32mINFO[0m - åƒæ•¸å·²æ›´æ–°: {'altitude': 110.0}
2026-02-04 11:58:03 - UAVPathPlanner - [32mINFO[0m - åƒæ•¸å·²æ›´æ–°: {'altitude': 111.0}
2026-02-04 11:58:03 - UAVPathPlanner - [32mINFO[0m - åƒæ•¸å·²æ›´æ–°: {'altitude': 112.0}
2026-02-04 11:58:03 - UAVPathPlanner - [32mINFO[0m - åƒæ•¸å·²æ›´æ–°: {'altitude': 113.0}
2026-02-04 11:58:04 - UAVPathPlanner - [32mINFO[0m - åƒæ•¸å·²æ›´æ–°: {'altitude': 114.0}
2026-02-04 11:58:04 - UAVPathPlanner - [32mINFO[0m - åƒæ•¸å·²æ›´æ–°: {'altitude': 115.0}
2026-02-04 11:58:04 - UAVPathPlanner - [32mINFO[0m - åƒæ•¸å·²æ›´æ–°: {'altitude': 116.0}
2026-02-04 11:58:04 - UAVPathPlanner - [32mINFO[0m - åƒæ•¸å·²æ›´æ–°: {'altitude': 117.0}
2026-02-04 11:58:04 - UAVPathPlanner - [32mINFO[0m - åƒæ•¸å·²æ›´æ–°: {'altitude': 118.0}
2026-02-04 11:58:04 - UAVPathPlanner - [32mINFO[0m - åƒæ•¸å·²æ›´æ–°: {'altitude': 119.0}
2026-02-04 11:58:05 - UAVPathPlanner - [32mINFO[0m - åƒæ•¸å·²æ›´æ–°: {'altitude': 120.0}
2026-02-04 11:58:05 - UAVPathPlanner - [32mINFO[0m - åƒæ•¸å·²æ›´æ–°: {'altitude': 121.0}
2026-02-04 11:58:05 - UAVPathPlanner - [32mINFO[0m - åƒæ•¸å·²æ›´æ–°: {'altitude': 122.0}
2026-02-04 11:58:05 - UAVPathPlanner - [32mINFO[0m - åƒæ•¸å·²æ›´æ–°: {'altitude': 123.0}
2026-02-04 11:58:05 - UAVPathPlanner - [32mINFO[0m - åƒæ•¸å·²æ›´æ–°: {'altitude': 124.0}
2026-02-04 11:58:05 - UAVPathPlanner - [32mINFO[0m - åƒæ•¸å·²æ›´æ–°: {'altitude': 125.0}
2026-02-04 11:58:05 - UAVPathPlanner - [32mINFO[0m - åƒæ•¸å·²æ›´æ–°: {'altitude': 126.0}
2026-02-04 11:58:06 - UAVPathPlanner - [32mINFO[0m - åƒæ•¸å·²æ›´æ–°: {'altitude': 127.0}
2026-02-04 11:58:06 - UAVPathPlanner - [32mINFO[0m - åƒæ•¸å·²æ›´æ–°: {'altitude': 128.0}
2026-02-04 11:58:06 - UAVPathPlanner - [32mINFO[0m - åƒæ•¸å·²æ›´æ–°: {'altitude': 129.0}
2026-02-04 11:58:06 - UAVPathPlanner - [32mINFO[0m - åƒæ•¸å·²æ›´æ–°: {'altitude': 130.0}
2026-02-04 11:58:06 - UAVPathPlanner - [32mINFO[0m - åƒæ•¸å·²æ›´æ–°: {'altitude': 131.0}
2026-02-04 11:58:06 - UAVPathPlanner - [32mINFO[0m - åƒæ•¸å·²æ›´æ–°: {'altitude': 132.0}
2026-02-04 11:58:07 - UAVPathPlanner - [32mINFO[0m - åƒæ•¸å·²æ›´æ–°: {'altitude': 133.0}
2026-02-04 11:58:07 - UAVPathPlanner - [32mINFO[0m - åƒæ•¸å·²æ›´æ–°: {'altitude': 134.0}
2026-02-04 11:58:07 - UAVPathPlanner - [32mINFO[0m - åƒæ•¸å·²æ›´æ–°: {'altitude': 135.0}
2026-02-04 11:58:07 - UAVPathPlanner - [32mINFO[0m - åƒæ•¸å·²æ›´æ–°: {'altitude': 136.0}
2026-02-04 11:58:07 - UAVPathPlanner - [32mINFO[0m - åƒæ•¸å·²æ›´æ–°: {'altitude': 137.0}
2026-02-04 11:58:07 - UAVPathPlanner - [32mINFO[0m - åƒæ•¸å·²æ›´æ–°: {'altitude': 138.0}
2026-02-04 11:58:07 - UAVPathPlanner - [32mINFO[0m - åƒæ•¸å·²æ›´æ–°: {'altitude': 139.0}
2026-02-04 11:58:08 - UAVPathPlanner - [32mINFO[0m - åƒæ•¸å·²æ›´æ–°: {'altitude': 140.0}
2026-02-04 11:58:08 - UAVPathPlanner - [32mINFO[0m - åƒæ•¸å·²æ›´æ–°: {'altitude': 141.0}
2026-02-04 11:58:08 - UAVPathPlanner - [32mINFO[0m - åƒæ•¸å·²æ›´æ–°: {'altitude': 142.0}
2026-02-04 11:58:08 - UAVPathPlanner - [32mINFO[0m - åƒæ•¸å·²æ›´æ–°: {'altitude': 143.0}
2026-02-04 11:58:08 - UAVPathPlanner - [32mINFO[0m - åƒæ•¸å·²æ›´æ–°: {'altitude': 144.0}
2026-02-04 11:58:09 - UAVPathPlanner - [32mINFO[0m - åƒæ•¸å·²æ›´æ–°: {'altitude': 145.0}
2026-02-04 11:58:09 - UAVPathPlanner - [32mINFO[0m - åƒæ•¸å·²æ›´æ–°: {'altitude': 146.0}
2026-02-04 11:58:09 - UAVPathPlanner - [32mINFO[0m - åƒæ•¸å·²æ›´æ–°: {'altitude': 147.0}
2026-02-04 11:58:09 - UAVPathPlanner - [32mINFO[0m - åƒæ•¸å·²æ›´æ–°: {'altitude': 148.0}
2026-02-04 11:58:10 - UAVPathPlanner - [32mINFO[0m - åƒæ•¸å·²æ›´æ–°: {'altitude': 149.0}
2026-02-04 11:58:10 - UAVPathPlanner - [32mINFO[0m - åƒæ•¸å·²æ›´æ–°: {'altitude': 150.0}
2026-02-04 11:58:47 - UAVPathPlanner - [32mINFO[0m - æ‡‰ç”¨ç¨‹å¼é—œé–‰
2026-02-04 11:58:47 - UAVPathPlanner - [32mINFO[0m - UAV Path Planner å·²é€€å‡º
